<?xml version="1.0" encoding="UTF-8"?>
<!-- Generated by org.testng.reporters.JUnitXMLReporter -->
<testsuite ignored="3" hostname="DESKTOP-2DJFJIA" failures="0" tests="0" time="0.0" errors="0" timestamp="20 Jun 2023 21:03:46 GMT">
  <testcase classname="testnglearning.TestCase3" name="doUserReg" time="0.0">
    <ignored/>
  </testcase> <!-- doUserReg -->
  <testcase classname="testnglearning.TestCase3" name="doLogin" time="0.0">
    <ignored/>
  </testcase> <!-- doLogin -->
  <testcase classname="testnglearning.TestCase3" name="isSkip" time="0.0">
    <ignored/>
  </testcase> <!-- isSkip -->
</testsuite>
